{"name": "test_open_magento", "status": "broken", "statusDetails": {"message": "selenium.common.exceptions.TimeoutException: Message:", "trace": "driver = <selenium.webdriver.chrome.webdriver.WebDriver (session=\"5409d2e86041e27e0f9084133ec4b50a\")>\n\n    @allure.step(\"Open the marketplace\")\n    def test_open_magento(driver):\n            # User opens the marketplace\n        driver.maximize_window()\n        driver.get(\"https://magento.softwaretestingboard.com/\")\n    \n    # @allure.step(\"user open magento\")\n    # def user_open_magento(driver):\n    #     driver.maximize_window()\n    #     driver.get(\"https://magento.softwaretestingboard.com/\")\n    \n        click_sign = WebDriverWait(driver, 10).until(\n            EC.element_to_be_clickable((By.XPATH, SIGN_BUTTON))\n        )\n        click_sign.click()\n    \n        input_email_sign = WebDriverWait(driver, 10).until(\n            EC.presence_of_element_located((By.XPATH, SIGN_EMAIL_FORM))\n        )\n    \n        input_email_sign.send_keys(\"nugrah@yopmail.com\")\n    \n        input_pass_sign = WebDriverWait(driver, 10).until(\n            EC.presence_of_element_located((By.XPATH, PASS))\n        )\n    \n        input_pass_sign.send_keys(\"Test1234\")\n    \n        click_sign_button = WebDriverWait(driver, 10).until(\n            EC.element_to_be_clickable((By.XPATH, SUBMIT_SIGN))\n        )\n        click_sign_button.click()\n    \n        element = WebDriverWait(driver, 10).until(\n            EC.element_to_be_clickable((By.XPATH, WOMEN_BUTTON))\n        )\n        element.click()\n    \n        # Repeat the product selection and add-to-cart steps for WIDGET_PRODUCT_1, WIDGET_PRODUCT_2, and WIDGET_PRODUCT_3\n        for product_xpath in [WIDGET_PRODUCT_1, WIDGET_PRODUCT_2, WIDGET_PRODUCT_3]:\n            product = WebDriverWait(driver, 10).until(\n                EC.element_to_be_clickable((By.XPATH, product_xpath))\n            )\n            product.click()\n    \n            select_size = WebDriverWait(driver, 10).until(\n                EC.element_to_be_clickable((By.XPATH, SIZE_BUTTON_XS))\n            )\n            select_size.click()\n    \n            select_color = WebDriverWait(driver, 10).until(\n                EC.element_to_be_clickable((By.XPATH, COLLOR_BUTTON_BLUE if product_xpath == WIDGET_PRODUCT_1 else COLLOR_BUTTON_PURPLE))\n            )\n            select_color.click()\n    \n            add_cart = WebDriverWait(driver, 10).until(\n                EC.element_to_be_clickable((By.XPATH, ADD_CART_BUTTON))\n            )\n            add_cart.click()\n    \n            wait_added = WebDriverWait(driver, 100).until(\n                EC.element_to_be_clickable((By.XPATH, ADDED_ELEMENT))\n            )\n            assert wait_added is not None, \"Element not found\"\n    \n            driver.back()\n    \n        click_cart = WebDriverWait(driver, 10).until(\n            EC.element_to_be_clickable((By.XPATH, CART_BUTTON))\n        )\n        click_cart.click()\n    \n        time.sleep(5)\n    \n>       proceed_checkout = WebDriverWait(driver, 10).until(\n            EC.element_to_be_clickable((By.XPATH, CHECKOUT_BUTTON))\n        )\n\ntest.py:115: \n_ _ _ _ _ _ _ _ _ _ _ _ _ _ _ _ _ _ _ _ _ _ _ _ _ _ _ _ _ _ _ _ _ _ _ _ _ _ _ _ _ _ _ _ _ _ _ _ _ _ _ _ _ _ _ _ _ _ _ _ _ _ _ _ _ _ _ _ _ _ _ _ _ _ _ _ _ _ _ _ _ _ _ _ _ _ _ _ _ _ _ _ \n\nself = <selenium.webdriver.support.wait.WebDriverWait (session=\"5409d2e86041e27e0f9084133ec4b50a\")>, method = <function element_to_be_clickable.<locals>._predicate at 0x1047b4e00>\nmessage = ''\n\n    def until(self, method, message: str = \"\"):\n        \"\"\"Calls the method provided with the driver as an argument until the \\\n        return value does not evaluate to ``False``.\n    \n        :param method: callable(WebDriver)\n        :param message: optional message for :exc:`TimeoutException`\n        :returns: the result of the last call to `method`\n        :raises: :exc:`selenium.common.exceptions.TimeoutException` if timeout occurs\n        \"\"\"\n        screen = None\n        stacktrace = None\n    \n        end_time = time.monotonic() + self._timeout\n        while True:\n            try:\n                value = method(self._driver)\n                if value:\n                    return value\n            except self._ignored_exceptions as exc:\n                screen = getattr(exc, \"screen\", None)\n                stacktrace = getattr(exc, \"stacktrace\", None)\n            time.sleep(self._poll)\n            if time.monotonic() > end_time:\n                break\n>       raise TimeoutException(message, screen, stacktrace)\nE       selenium.common.exceptions.TimeoutException: Message:\n\n../test/venv/lib/python3.11/site-packages/selenium/webdriver/support/wait.py:95: TimeoutException"}, "steps": [{"name": "Open the marketplace", "status": "broken", "statusDetails": {"message": "selenium.common.exceptions.TimeoutException: Message: \n\n", "trace": "  File \"/Users/nugrahpratama/Developer/test/venv/lib/python3.11/site-packages/allure_commons/_allure.py\", line 192, in impl\n    return func(*a, **kw)\n           ^^^^^^^^^^^^^^\n  File \"/Users/nugrahpratama/Developer/selenium/test.py\", line 115, in test_open_magento\n    proceed_checkout = WebDriverWait(driver, 10).until(\n                       ^^^^^^^^^^^^^^^^^^^^^^^^^^^^^^^^\n  File \"/Users/nugrahpratama/Developer/test/venv/lib/python3.11/site-packages/selenium/webdriver/support/wait.py\", line 95, in until\n    raise TimeoutException(message, screen, stacktrace)\n"}, "parameters": [{"name": "driver", "value": "<selenium.webdriver.chrome.webdriver.WebDriver (session=\"5409d2e86041e27e0f9084133ec4b50a\")>"}], "start": 1697347693215, "stop": 1697347731821}], "start": 1697347693215, "stop": 1697347731826, "uuid": "90fad35f-5c58-423e-8764-008ad06eea20", "historyId": "451f90164e96d5c7926f046e708bb68c", "testCaseId": "451f90164e96d5c7926f046e708bb68c", "fullName": "test#test_open_magento", "labels": [{"name": "suite", "value": "test"}, {"name": "host", "value": "192.168.1.16"}, {"name": "thread", "value": "4071-MainThread"}, {"name": "framework", "value": "pytest"}, {"name": "language", "value": "cpython3"}, {"name": "package", "value": "test"}]}