{"name": "test_sign", "status": "broken", "statusDetails": {"message": "selenium.common.exceptions.TimeoutException: Message: \nStacktrace:\n0   chromedriver                        0x000000010057ed68 chromedriver + 4337000\n1   chromedriver                        0x0000000100576de4 chromedriver + 4304356\n2   chromedriver                        0x00000001001a3a5c chromedriver + 293468\n3   chromedriver                        0x00000001001e8d50 chromedriver + 576848\n4   chromedriver                        0x0000000100223908 chromedriver + 817416\n5   chromedriver                        0x00000001001dca5c chromedriver + 526940\n6   chromedriver                        0x00000001001dd908 chromedriver + 530696\n7   chromedriver                        0x0000000100544db4 chromedriver + 4099508\n8   chromedriver                        0x0000000100549270 chromedriver + 4117104\n9   chromedriver                        0x000000010054f4fc chromedriver + 4142332\n10  chromedriver                        0x0000000100549d70 chromedriver + 4119920\n11  chromedriver                        0x0000000100521a44 chromedriver + 3955268\n12  chromedriver                        0x0000000100566a18 chromedriver + 4237848\n13  chromedriver                        0x0000000100566b94 chromedriver + 4238228\n14  chromedriver                        0x0000000100576a5c chromedriver + 4303452\n15  libsystem_pthread.dylib             0x000000018f06b034 _pthread_start + 136\n16  libsystem_pthread.dylib             0x000000018f065e3c thread_start + 8", "trace": "driver = <selenium.webdriver.chrome.webdriver.WebDriver (session=\"9bf933acbcf33707ef998c1c19b62189\")>\n\n    @allure.step(\"Open the test\")\n    def test_sign(driver):\n    \n    \n>       click_sign = WebDriverWait(driver, 10).until(\n            EC.element_to_be_clickable((By.XPATH, SIGN_BUTTON))\n        )\n\ntest.py:52: \n_ _ _ _ _ _ _ _ _ _ _ _ _ _ _ _ _ _ _ _ _ _ _ _ _ _ _ _ _ _ _ _ _ _ _ _ _ _ _ _ _ _ _ _ _ _ _ _ _ _ _ _ _ _ _ _ _ _ _ _ _ _ _ _ _ _ _ _ _ _ _ _ _ _ _ _ _ _ _ _ _ _ _ _ _ _ _\n\nself = <selenium.webdriver.support.wait.WebDriverWait (session=\"9bf933acbcf33707ef998c1c19b62189\")>\nmethod = <function element_to_be_clickable.<locals>._predicate at 0x104e8f880>, message = ''\n\n    def until(self, method, message: str = \"\"):\n        \"\"\"Calls the method provided with the driver as an argument until the \\\n        return value does not evaluate to ``False``.\n    \n        :param method: callable(WebDriver)\n        :param message: optional message for :exc:`TimeoutException`\n        :returns: the result of the last call to `method`\n        :raises: :exc:`selenium.common.exceptions.TimeoutException` if timeout occurs\n        \"\"\"\n        screen = None\n        stacktrace = None\n    \n        end_time = time.monotonic() + self._timeout\n        while True:\n            try:\n                value = method(self._driver)\n                if value:\n                    return value\n            except self._ignored_exceptions as exc:\n                screen = getattr(exc, \"screen\", None)\n                stacktrace = getattr(exc, \"stacktrace\", None)\n            time.sleep(self._poll)\n            if time.monotonic() > end_time:\n                break\n>       raise TimeoutException(message, screen, stacktrace)\nE       selenium.common.exceptions.TimeoutException: Message: \nE       Stacktrace:\nE       0   chromedriver                        0x000000010057ed68 chromedriver + 4337000\nE       1   chromedriver                        0x0000000100576de4 chromedriver + 4304356\nE       2   chromedriver                        0x00000001001a3a5c chromedriver + 293468\nE       3   chromedriver                        0x00000001001e8d50 chromedriver + 576848\nE       4   chromedriver                        0x0000000100223908 chromedriver + 817416\nE       5   chromedriver                        0x00000001001dca5c chromedriver + 526940\nE       6   chromedriver                        0x00000001001dd908 chromedriver + 530696\nE       7   chromedriver                        0x0000000100544db4 chromedriver + 4099508\nE       8   chromedriver                        0x0000000100549270 chromedriver + 4117104\nE       9   chromedriver                        0x000000010054f4fc chromedriver + 4142332\nE       10  chromedriver                        0x0000000100549d70 chromedriver + 4119920\nE       11  chromedriver                        0x0000000100521a44 chromedriver + 3955268\nE       12  chromedriver                        0x0000000100566a18 chromedriver + 4237848\nE       13  chromedriver                        0x0000000100566b94 chromedriver + 4238228\nE       14  chromedriver                        0x0000000100576a5c chromedriver + 4303452\nE       15  libsystem_pthread.dylib             0x000000018f06b034 _pthread_start + 136\nE       16  libsystem_pthread.dylib             0x000000018f065e3c thread_start + 8\n\n../test/venv/lib/python3.11/site-packages/selenium/webdriver/support/wait.py:95: TimeoutException"}, "steps": [{"name": "Open the test", "status": "broken", "statusDetails": {"message": "selenium.common.exceptions.TimeoutException: Message: \nStacktrace:\n0   chromedriver                        0x000000010057ed68 chromedriver + 4337000\n1   chromedriver                        0x0000000100576de4 chromedriver + 4304356\n2   chromedriver                        0x00000001001a3a5c chromedriver + 293468\n3   chromedriver                        0x00000001001e8d50 chromedriver + 576848\n4   chromedriver                        0x0000000100223908 chromedriver + 817416\n5   chromedriver                        0x00000001001dca5c chromedriver + 526940\n6   chromedriver                        0x00000001001dd908 chromedriver + 530696\n7   chromedriver                        0x0000000100544db4 chromedriver + 4099508\n8   chromedriver                        0x0000000100549270 chromedriver + 4117104\n9   chromedriver                        0x000000010054f4fc chromedriver + 4142332\n10  chromedriver                        0x0000000100549d70 chromedriver + 4119920\n11  chromedriver                        0x0000000100521a44 chromedriver + 3955268\n12  chromedriver                        0x0000000100566a18 chromedriver + 4237848\n13  chromedriver                        0x0000000100566b94 chromedriver + 4238228\n14  chromedriver                        0x0000000100576a5c chromedriver + 4303452\n15  libsystem_pthread.dylib             0x000000018f06b034 _pthread_start + 136\n16  libsystem_pthread.dylib             0x000000018f065e3c thread_start + 8\n\n", "trace": "  File \"/Users/nugrahpratama/Developer/test/venv/lib/python3.11/site-packages/allure_commons/_allure.py\", line 192, in impl\n    return func(*a, **kw)\n           ^^^^^^^^^^^^^^\n  File \"/Users/nugrahpratama/Developer/selenium/test.py\", line 52, in test_sign\n    click_sign = WebDriverWait(driver, 10).until(\n                 ^^^^^^^^^^^^^^^^^^^^^^^^^^^^^^^^\n  File \"/Users/nugrahpratama/Developer/test/venv/lib/python3.11/site-packages/selenium/webdriver/support/wait.py\", line 95, in until\n    raise TimeoutException(message, screen, stacktrace)\n"}, "parameters": [{"name": "driver", "value": "<selenium.webdriver.chrome.webdriver.WebDriver (session=\"9bf933acbcf33707ef998c1c19b62189\")>"}], "start": 1697352201727, "stop": 1697352212025}], "start": 1697352201726, "stop": 1697352212029, "uuid": "408a1c81-2790-4663-bd46-839d39cf96cc", "historyId": "3a71c73051e4b6029ced1da1fc2a24b7", "testCaseId": "3a71c73051e4b6029ced1da1fc2a24b7", "fullName": "test#test_sign", "labels": [{"name": "suite", "value": "test"}, {"name": "host", "value": "192.168.1.16"}, {"name": "thread", "value": "7510-MainThread"}, {"name": "framework", "value": "pytest"}, {"name": "language", "value": "cpython3"}, {"name": "package", "value": "test"}]}